Linux m1.lobos.nih.gov 2.6.18-164.6.1.el5 #1 SMP Tue Nov 3 16:12:36 EST 2009 x86_64 x86_64 x86_64 GNU/Linux
 14:34:32 up 25 days, 22:29, 34 users,  load average: 0.00, 0.00, 0.00
>>>========>>  FOR SYNTAX AND NOTES, TRY    "c35b3 -help"
-rwxrwxr-x 1 rvenable 10826677 Dec 18 01:06 /v/apps/ncharmm/c35b3/gnu/gfortamd-xxl.x11
/v/apps/ncharmm/c35b3/gnu/gfortamd-xxl.x11
1
                 Chemistry at HARvard Macromolecular Mechanics
                   (CHARMM) - Developmental Version 35b3     August 15, 2008   
       Copyright(c) 1984-2001  President and Fellows of Harvard College
                              All Rights Reserved
      Current operating system: Linux-2.6.18-164.6.1.el5(x86_64)@m1.lobos.ni
                 Created on 12/29/ 9 at 14:34:32 by user: tim         

            Maximum number of ATOMS:    360720, and RESidues:      120240
            Current HEAP size:        10240000, and STACK size:  10000000

 RDTITL> * APPEND THE PDBS
 RDTITL> *
  
 CHARMM>     
  
 CHARMM>    ! read topology and parameter files
 CHARMM>     
  
 CHARMM>    read rtf card name top_all27_prot_na.rtf
 VOPEN> Attempting to open::top_all27_prot_na.rtf::
 MAINIO> Residue topology file being read from unit  90.
 TITLE> *>>>>>>>>CHARMM22 ALL-HYDROGEN TOPOLOGY FILE FOR PROTEINS <<<<<<<
 TITLE> *>>>>>>>>>>>>>>>>>>>> AND NUCLEIC ACIDS <<<<<<<<<<<<<<<<<<<<<<<<<
 TITLE> *>>>>> INCLUDES PHI, PSI CROSS TERM MAP (CMAP) CORRECTION <<<<<<<
 TITLE> *>>>>>>>>>>>>>>>>>>>>>>   JULY, 2004    <<<<<<<<<<<<<<<<<<<<<<<<<<
 TITLE> * ALL COMMENTS TO ADM JR. VIA THE CHARMM WEB SITE: WWW.CHARMM.ORG
 TITLE> *               PARAMETER SET DISCUSSION FORUM
 TITLE> *
 VCLOSE: Closing unit   90 with status "KEEP"
  
 CHARMM>    read param card name par_all27_prot_na.prm
 VOPEN> Attempting to open::par_all27_prot_na.prm::

          PARAMETER FILE BEING READ FROM UNIT 90
 TITLE> *>>>>> CHARMM22 ALL-HYDROGEN PARAMETER FILE FOR PROTEINS <<<<<<<<
 TITLE> *>>>>>>>>>>>>>>>>>>>> AND NUCLEIC ACIDS <<<<<<<<<<<<<<<<<<<<<<<<<
 TITLE> *>>>>> INCLUDES PHI, PSI CROSS TERM MAP (CMAP) CORRECTION <<<<<<<
 TITLE> *>>>>>>>>>>>>>>>>>>>>>> DECEMBER, 2003 <<<<<<<<<<<<<<<<<<<<<<<<<<
 TITLE> * ALL COMMENTS TO ADM JR. VIA THE CHARMM WEB SITE: WWW.CHARMM.ORG
 TITLE> *               PARAMETER SET DISCUSSION FORUM
 TITLE> *
 PARMIO> NONBOND, HBOND lists and IMAGE atoms cleared.
 VCLOSE: Closing unit   90 with status "KEEP"
  
 CHARMM>     
  
 CHARMM>    ! Read PSF and coordinates from file
 CHARMM>    read psf card name 1cbn-pro-final.psf
 VOPEN> Attempting to open::1cbn-pro-final.psf::
 MAINIO> Protein structure file being read from unit  90.
 PSFRD2> Reading PSF in the expanded format.
 TITLE>  * PSF
 TITLE>  *  DATE:    12/29/ 9     14:33:54      CREATED BY USER: tim
 TITLE>  *
 PSFSUM> PSF modified: NONBOND lists and IMAGE atoms cleared.
 PSFSUM> Summary of the structure file counters :
         Number of segments      =        1   Number of residues   =       46
         Number of atoms         =      645   Number of groups     =      195
         Number of bonds         =      651   Number of angles     =     1172
         Number of dihedrals     =     1723   Number of impropers  =      107
         Number of cross-terms   =       44
         Number of HB acceptors  =       65   Number of HB donors  =       77
         Number of NB exclusions =        0   Total charge =    0.00000
 VCLOSE: Closing unit   90 with status "KEEP"
  
 CHARMM>    read coor card name 1cbn-pro-final.crd
 VOPEN> Attempting to open::1cbn-pro-final.crd::
          SPATIAL COORDINATES BEING READ FROM UNIT 90
 TITLE> * COORDS
 TITLE> *  DATE:    12/29/ 9     14:33:55      CREATED BY USER: TIM
 TITLE> *
 VCLOSE: Closing unit   90 with status "KEEP"
  
 CHARMM>     
  
 CHARMM>    ! Handle disulfide patching!
 CHARMM>    patch disu a-pro 3 a-pro 40 setup
 ATOM  A-PRO    3        CYS      HG1      AND ALL REFERENCES TO IT DELETED.
 ATOM  A-PRO    40       CYS      HG1      AND ALL REFERENCES TO IT DELETED.

 Message from MAPIC: Atom numbers are changed.
 DELTIC:         2 bonds deleted
 DELTIC:         2 angles deleted
 DELTIC:         6 dihedrals deleted
 DELTIC:         2 donors deleted
 PATCH: Check angles and dihedrals autogenerated.
 PSFSUM> PSF modified: NONBOND lists and IMAGE atoms cleared.
 PSFSUM> Summary of the structure file counters :
         Number of segments      =        1   Number of residues   =       46
         Number of atoms         =      643   Number of groups     =      195
         Number of bonds         =      650   Number of angles     =     1170
         Number of dihedrals     =     1717   Number of impropers  =      107
         Number of cross-terms   =       44
         Number of HB acceptors  =       65   Number of HB donors  =       75
         Number of NB exclusions =        0   Total charge =    0.00000
  
 CHARMM>    patch disu a-pro 4 a-pro 32 setup
 ATOM  A-PRO    4        CYS      HG1      AND ALL REFERENCES TO IT DELETED.
 ATOM  A-PRO    32       CYS      HG1      AND ALL REFERENCES TO IT DELETED.

 Message from MAPIC: Atom numbers are changed.
 DELTIC:         2 bonds deleted
 DELTIC:         2 angles deleted
 DELTIC:         6 dihedrals deleted
 DELTIC:         2 donors deleted
 PATCH: Check angles and dihedrals autogenerated.
 PSFSUM> PSF modified: NONBOND lists and IMAGE atoms cleared.
 PSFSUM> Summary of the structure file counters :
         Number of segments      =        1   Number of residues   =       46
         Number of atoms         =      641   Number of groups     =      195
         Number of bonds         =      649   Number of angles     =     1168
         Number of dihedrals     =     1711   Number of impropers  =      107
         Number of cross-terms   =       44
         Number of HB acceptors  =       65   Number of HB donors  =       73
         Number of NB exclusions =        0   Total charge =    0.00000
  
 CHARMM>    patch disu a-pro 16 a-pro 26 setup
 ATOM  A-PRO    16       CYS      HG1      AND ALL REFERENCES TO IT DELETED.
 ATOM  A-PRO    26       CYS      HG1      AND ALL REFERENCES TO IT DELETED.

 Message from MAPIC: Atom numbers are changed.
 DELTIC:         2 bonds deleted
 DELTIC:         2 angles deleted
 DELTIC:         6 dihedrals deleted
 DELTIC:         2 donors deleted
 PATCH: Check angles and dihedrals autogenerated.
 PSFSUM> PSF modified: NONBOND lists and IMAGE atoms cleared.
 PSFSUM> Summary of the structure file counters :
         Number of segments      =        1   Number of residues   =       46
         Number of atoms         =      639   Number of groups     =      195
         Number of bonds         =      648   Number of angles     =     1166
         Number of dihedrals     =     1705   Number of impropers  =      107
         Number of cross-terms   =       44
         Number of HB acceptors  =       65   Number of HB donors  =       71
         Number of NB exclusions =        0   Total charge =    0.00000
  
 CHARMM>    ! redo hydrogen coordinates for the complete structure
 CHARMM>    coor init sele hydrogen end
 SELRPN>    313 atoms have been selected out of    639
 SELECTED COORDINATES INITIALIZED IN THE MAIN SET.

  
 CHARMM>    hbuild
 PRNHBD: CUToff Hydrogen Bond  distance =    0.5000   Angle =   90.0000
         CuT switching ON HB dist. =     3.5000  OFf HB dist. =    4.0000
         CuT switching ON Hb Angle =    50.0000  OFf Hb Angle =   70.0000
         ACCEptor antecedents included
         All hydrogen bonds for each hydrogen will be found
         Hydrogen bonds between excluded atoms will be kept


 NONBOND OPTION FLAGS: 
     ELEC     VDW      ATOMs    CDIElec  SHIFt    VATOm    VSWItch 
     BYGRoup  NOEXtnd  NOEWald 
 CUTNB  = 14.000 CTEXNB =999.000 CTONNB = 10.000 CTOFNB = 12.000
 WMIN   =  1.500 WRNMXD =  0.500 E14FAC =  1.000 EPS    =  1.000
 NBXMOD =      5
 There are        0 atom  pairs and        0 atom  exclusions.
 There are        0 group pairs and        0 group exclusions.
 <MAKINB> with mode   5 found   1820 exclusions and   1697 interactions(1-4)
 <MAKGRP> found    574 group exclusions.

 CUToff Hydrogen Bond  distance =    0.5000           Angle =   90.0000
 CuT switching ON HB dist. =     3.5000 OFf HB dist. =    4.0000
 CuT switching ON Hb Angle =    50.0000 OFf Hb Angle =   70.0000
 ACCEptor antecedents included
 dihedral PHI STePs for spin =   10.0000
 cutoff for water acceptor search CUTWat=    7.5000

 Place: HA      ,        ,        , constructed for donor A-PRO    1        THR      CA      .
 Place: HB      ,        ,        , constructed for donor A-PRO    1        THR      CB      .
 Place: HN      ,        ,        , constructed for donor A-PRO    2        THR      N       .
 Place: HA      ,        ,        , constructed for donor A-PRO    2        THR      CA      .
 Place: HB      ,        ,        , constructed for donor A-PRO    2        THR      CB      .
 Place: HN      ,        ,        , constructed for donor A-PRO    3        CYS      N       .
 Place: HA      ,        ,        , constructed for donor A-PRO    3        CYS      CA      .
 Place: HB1     ,HB2     ,        , constructed for donor A-PRO    3        CYS      CB      .
 Place: HN      ,        ,        , constructed for donor A-PRO    4        CYS      N       .
 Place: HA      ,        ,        , constructed for donor A-PRO    4        CYS      CA      .
 Place: HB1     ,HB2     ,        , constructed for donor A-PRO    4        CYS      CB      .
 Place: HD1     ,HD2     ,        , constructed for donor A-PRO    5        PRO      CD      .
 Place: HA      ,        ,        , constructed for donor A-PRO    5        PRO      CA      .
 Place: HB1     ,HB2     ,        , constructed for donor A-PRO    5        PRO      CB      .
 Place: HG1     ,HG2     ,        , constructed for donor A-PRO    5        PRO      CG      .
 Place: HN      ,        ,        , constructed for donor A-PRO    6        SER      N       .
 Place: HA      ,        ,        , constructed for donor A-PRO    6        SER      CA      .
 Place: HB1     ,HB2     ,        , constructed for donor A-PRO    6        SER      CB      .
 Place: HN      ,        ,        , constructed for donor A-PRO    7        ILE      N       .
 Place: HA      ,        ,        , constructed for donor A-PRO    7        ILE      CA      .
 Place: HB      ,        ,        , constructed for donor A-PRO    7        ILE      CB      .
 Place: HG11    ,HG12    ,        , constructed for donor A-PRO    7        ILE      CG1     .
 Place: HN      ,        ,        , constructed for donor A-PRO    8        VAL      N       .
 Place: HA      ,        ,        , constructed for donor A-PRO    8        VAL      CA      .
 Place: HB      ,        ,        , constructed for donor A-PRO    8        VAL      CB      .
 Place: HN      ,        ,        , constructed for donor A-PRO    9        ALA      N       .
 Place: HA      ,        ,        , constructed for donor A-PRO    9        ALA      CA      .
 Place: HN      ,        ,        , constructed for donor A-PRO    10       ARG      N       .
 Place: HA      ,        ,        , constructed for donor A-PRO    10       ARG      CA      .
 Place: HB1     ,HB2     ,        , constructed for donor A-PRO    10       ARG      CB      .
 Place: HG1     ,HG2     ,        , constructed for donor A-PRO    10       ARG      CG      .
 Place: HD1     ,HD2     ,        , constructed for donor A-PRO    10       ARG      CD      .
 Place: HE      ,        ,        , constructed for donor A-PRO    10       ARG      NE      .
 Place: HN      ,        ,        , constructed for donor A-PRO    11       SER      N       .
 Place: HA      ,        ,        , constructed for donor A-PRO    11       SER      CA      .
 Place: HB1     ,HB2     ,        , constructed for donor A-PRO    11       SER      CB      .
 Place: HN      ,        ,        , constructed for donor A-PRO    12       ASN      N       .
 Place: HA      ,        ,        , constructed for donor A-PRO    12       ASN      CA      .
 Place: HB1     ,HB2     ,        , constructed for donor A-PRO    12       ASN      CB      .
 Place: HN      ,        ,        , constructed for donor A-PRO    13       PHE      N       .
 Place: HA      ,        ,        , constructed for donor A-PRO    13       PHE      CA      .
 Place: HB1     ,HB2     ,        , constructed for donor A-PRO    13       PHE      CB      .
 Place: HD1     ,        ,        , constructed for donor A-PRO    13       PHE      CD1     .
 Place: HE1     ,        ,        , constructed for donor A-PRO    13       PHE      CE1     .
 Place: HZ      ,        ,        , constructed for donor A-PRO    13       PHE      CZ      .
 Place: HD2     ,        ,        , constructed for donor A-PRO    13       PHE      CD2     .
 Place: HE2     ,        ,        , constructed for donor A-PRO    13       PHE      CE2     .
 Place: HN      ,        ,        , constructed for donor A-PRO    14       ASN      N       .
 Place: HA      ,        ,        , constructed for donor A-PRO    14       ASN      CA      .
 Place: HB1     ,HB2     ,        , constructed for donor A-PRO    14       ASN      CB      .
 Place: HN      ,        ,        , constructed for donor A-PRO    15       VAL      N       .
 Place: HA      ,        ,        , constructed for donor A-PRO    15       VAL      CA      .
 Place: HB      ,        ,        , constructed for donor A-PRO    15       VAL      CB      .
 Place: HN      ,        ,        , constructed for donor A-PRO    16       CYS      N       .
 Place: HA      ,        ,        , constructed for donor A-PRO    16       CYS      CA      .
 Place: HB1     ,HB2     ,        , constructed for donor A-PRO    16       CYS      CB      .
 Place: HN      ,        ,        , constructed for donor A-PRO    17       ARG      N       .
 Place: HA      ,        ,        , constructed for donor A-PRO    17       ARG      CA      .
 Place: HB1     ,HB2     ,        , constructed for donor A-PRO    17       ARG      CB      .
 Place: HG1     ,HG2     ,        , constructed for donor A-PRO    17       ARG      CG      .
 Place: HD1     ,HD2     ,        , constructed for donor A-PRO    17       ARG      CD      .
 Place: HE      ,        ,        , constructed for donor A-PRO    17       ARG      NE      .
 Place: HN      ,        ,        , constructed for donor A-PRO    18       LEU      N       .
 Place: HA      ,        ,        , constructed for donor A-PRO    18       LEU      CA      .
 Place: HB1     ,HB2     ,        , constructed for donor A-PRO    18       LEU      CB      .
 Place: HG      ,        ,        , constructed for donor A-PRO    18       LEU      CG      .
 Place: HD1     ,HD2     ,        , constructed for donor A-PRO    19       PRO      CD      .
 Place: HA      ,        ,        , constructed for donor A-PRO    19       PRO      CA      .
 Place: HB1     ,HB2     ,        , constructed for donor A-PRO    19       PRO      CB      .
 Place: HG1     ,HG2     ,        , constructed for donor A-PRO    19       PRO      CG      .
 Place: HN      ,        ,        , constructed for donor A-PRO    20       GLY      N       .
 Place: HA1     ,HA2     ,        , constructed for donor A-PRO    20       GLY      CA      .
 Place: HN      ,        ,        , constructed for donor A-PRO    21       THR      N       .
 Place: HA      ,        ,        , constructed for donor A-PRO    21       THR      CA      .
 Place: HB      ,        ,        , constructed for donor A-PRO    21       THR      CB      .
 Place: HN      ,        ,        , constructed for donor A-PRO    22       SER      N       .
 Place: HA      ,        ,        , constructed for donor A-PRO    22       SER      CA      .
 Place: HB1     ,HB2     ,        , constructed for donor A-PRO    22       SER      CB      .
 Place: HN      ,        ,        , constructed for donor A-PRO    23       GLU      N       .
 Place: HA      ,        ,        , constructed for donor A-PRO    23       GLU      CA      .
 Place: HB1     ,HB2     ,        , constructed for donor A-PRO    23       GLU      CB      .
 Place: HG1     ,HG2     ,        , constructed for donor A-PRO    23       GLU      CG      .
 Place: HN      ,        ,        , constructed for donor A-PRO    24       ALA      N       .
 Place: HA      ,        ,        , constructed for donor A-PRO    24       ALA      CA      .
 Place: HN      ,        ,        , constructed for donor A-PRO    25       ILE      N       .
 Place: HA      ,        ,        , constructed for donor A-PRO    25       ILE      CA      .
 Place: HB      ,        ,        , constructed for donor A-PRO    25       ILE      CB      .
 Place: HG11    ,HG12    ,        , constructed for donor A-PRO    25       ILE      CG1     .
 Place: HN      ,        ,        , constructed for donor A-PRO    26       CYS      N       .
 Place: HA      ,        ,        , constructed for donor A-PRO    26       CYS      CA      .
 Place: HB1     ,HB2     ,        , constructed for donor A-PRO    26       CYS      CB      .
 Place: HN      ,        ,        , constructed for donor A-PRO    27       ALA      N       .
 Place: HA      ,        ,        , constructed for donor A-PRO    27       ALA      CA      .
 Place: HN      ,        ,        , constructed for donor A-PRO    28       THR      N       .
 Place: HA      ,        ,        , constructed for donor A-PRO    28       THR      CA      .
 Place: HB      ,        ,        , constructed for donor A-PRO    28       THR      CB      .
 Place: HN      ,        ,        , constructed for donor A-PRO    29       TYR      N       .
 Place: HA      ,        ,        , constructed for donor A-PRO    29       TYR      CA      .
 Place: HB1     ,HB2     ,        , constructed for donor A-PRO    29       TYR      CB      .
 Place: HD1     ,        ,        , constructed for donor A-PRO    29       TYR      CD1     .
 Place: HE1     ,        ,        , constructed for donor A-PRO    29       TYR      CE1     .
 Place: HD2     ,        ,        , constructed for donor A-PRO    29       TYR      CD2     .
 Place: HE2     ,        ,        , constructed for donor A-PRO    29       TYR      CE2     .
 Place: HN      ,        ,        , constructed for donor A-PRO    30       THR      N       .
 Place: HA      ,        ,        , constructed for donor A-PRO    30       THR      CA      .
 Place: HB      ,        ,        , constructed for donor A-PRO    30       THR      CB      .
 Place: HN      ,        ,        , constructed for donor A-PRO    31       GLY      N       .
 Place: HA1     ,HA2     ,        , constructed for donor A-PRO    31       GLY      CA      .
 Place: HN      ,        ,        , constructed for donor A-PRO    32       CYS      N       .
 Place: HA      ,        ,        , constructed for donor A-PRO    32       CYS      CA      .
 Place: HB1     ,HB2     ,        , constructed for donor A-PRO    32       CYS      CB      .
 Place: HN      ,        ,        , constructed for donor A-PRO    33       ILE      N       .
 Place: HA      ,        ,        , constructed for donor A-PRO    33       ILE      CA      .
 Place: HB      ,        ,        , constructed for donor A-PRO    33       ILE      CB      .
 Place: HG11    ,HG12    ,        , constructed for donor A-PRO    33       ILE      CG1     .
 Place: HN      ,        ,        , constructed for donor A-PRO    34       ILE      N       .
 Place: HA      ,        ,        , constructed for donor A-PRO    34       ILE      CA      .
 Place: HB      ,        ,        , constructed for donor A-PRO    34       ILE      CB      .
 Place: HG11    ,HG12    ,        , constructed for donor A-PRO    34       ILE      CG1     .
 Place: HN      ,        ,        , constructed for donor A-PRO    35       ILE      N       .
 Place: HA      ,        ,        , constructed for donor A-PRO    35       ILE      CA      .
 Place: HB      ,        ,        , constructed for donor A-PRO    35       ILE      CB      .
 Place: HG11    ,HG12    ,        , constructed for donor A-PRO    35       ILE      CG1     .
 Place: HD1     ,HD2     ,        , constructed for donor A-PRO    36       PRO      CD      .
 Place: HA      ,        ,        , constructed for donor A-PRO    36       PRO      CA      .
 Place: HB1     ,HB2     ,        , constructed for donor A-PRO    36       PRO      CB      .
 Place: HG1     ,HG2     ,        , constructed for donor A-PRO    36       PRO      CG      .
 Place: HN      ,        ,        , constructed for donor A-PRO    37       GLY      N       .
 Place: HA1     ,HA2     ,        , constructed for donor A-PRO    37       GLY      CA      .
 Place: HN      ,        ,        , constructed for donor A-PRO    38       ALA      N       .
 Place: HA      ,        ,        , constructed for donor A-PRO    38       ALA      CA      .
 Place: HN      ,        ,        , constructed for donor A-PRO    39       THR      N       .
 Place: HA      ,        ,        , constructed for donor A-PRO    39       THR      CA      .
 Place: HB      ,        ,        , constructed for donor A-PRO    39       THR      CB      .
 Place: HN      ,        ,        , constructed for donor A-PRO    40       CYS      N       .
 Place: HA      ,        ,        , constructed for donor A-PRO    40       CYS      CA      .
 Place: HB1     ,HB2     ,        , constructed for donor A-PRO    40       CYS      CB      .
 Place: HD1     ,HD2     ,        , constructed for donor A-PRO    41       PRO      CD      .
 Place: HA      ,        ,        , constructed for donor A-PRO    41       PRO      CA      .
 Place: HB1     ,HB2     ,        , constructed for donor A-PRO    41       PRO      CB      .
 Place: HG1     ,HG2     ,        , constructed for donor A-PRO    41       PRO      CG      .
 Place: HN      ,        ,        , constructed for donor A-PRO    42       GLY      N       .
 Place: HA1     ,HA2     ,        , constructed for donor A-PRO    42       GLY      CA      .
 Place: HN      ,        ,        , constructed for donor A-PRO    43       ASP      N       .
 Place: HA      ,        ,        , constructed for donor A-PRO    43       ASP      CA      .
 Place: HB1     ,HB2     ,        , constructed for donor A-PRO    43       ASP      CB      .
 Place: HN      ,        ,        , constructed for donor A-PRO    44       TYR      N       .
 Place: HA      ,        ,        , constructed for donor A-PRO    44       TYR      CA      .
 Place: HB1     ,HB2     ,        , constructed for donor A-PRO    44       TYR      CB      .
 Place: HD1     ,        ,        , constructed for donor A-PRO    44       TYR      CD1     .
 Place: HE1     ,        ,        , constructed for donor A-PRO    44       TYR      CE1     .
 Place: HD2     ,        ,        , constructed for donor A-PRO    44       TYR      CD2     .
 Place: HE2     ,        ,        , constructed for donor A-PRO    44       TYR      CE2     .
 Place: HN      ,        ,        , constructed for donor A-PRO    45       ALA      N       .
 Place: HA      ,        ,        , constructed for donor A-PRO    45       ALA      CA      .
 Place: HN      ,        ,        , constructed for donor A-PRO    46       ASN      N       .
 Place: HA      ,        ,        , constructed for donor A-PRO    46       ASN      CA      .
 Place: HB1     ,HB2     ,        , constructed for donor A-PRO    46       ASN      CB      .

 NBONDX:       876 atom and      0 group interactions within 14.00 A.
 Spin: HT1     ,HT2     ,HT3     , constructed for donor A-PRO    1        THR      N       .

 NBONDX:       250 atom and      0 group interactions within 14.00 A.
 Spin: HG1     ,        ,        , constructed for donor A-PRO    1        THR      OG1     .

 NBONDX:       957 atom and      0 group interactions within 14.00 A.
 Spin: HG21    ,HG22    ,HG23    , constructed for donor A-PRO    1        THR      CG2     .

 NBONDX:       481 atom and      0 group interactions within 14.00 A.
 Spin: HG1     ,        ,        , constructed for donor A-PRO    2        THR      OG1     .

 NBONDX:      1410 atom and      0 group interactions within 14.00 A.
 Spin: HG21    ,HG22    ,HG23    , constructed for donor A-PRO    2        THR      CG2     .

 NBONDX:       316 atom and      0 group interactions within 14.00 A.
 Spin: HG1     ,        ,        , constructed for donor A-PRO    6        SER      OG      .

 NBONDX:       675 atom and      0 group interactions within 14.00 A.
 Spin: HG21    ,HG22    ,HG23    , constructed for donor A-PRO    7        ILE      CG2     .

 NBONDX:       579 atom and      0 group interactions within 14.00 A.
 Spin: HD1     ,HD2     ,HD3     , constructed for donor A-PRO    7        ILE      CD      .

 NBONDX:       813 atom and      0 group interactions within 14.00 A.
 Spin: HG11    ,HG12    ,HG13    , constructed for donor A-PRO    8        VAL      CG1     .

 NBONDX:       690 atom and      0 group interactions within 14.00 A.
 Spin: HG21    ,HG22    ,HG23    , constructed for donor A-PRO    8        VAL      CG2     .

 NBONDX:      1233 atom and      0 group interactions within 14.00 A.
 Spin: HB1     ,HB2     ,HB3     , constructed for donor A-PRO    9        ALA      CB      .

 NBONDX:      1000 atom and      0 group interactions within 14.00 A.
 Spin: HH11    ,HH12    ,        , constructed for donor A-PRO    10       ARG      NH1     .

 NBONDX:       962 atom and      0 group interactions within 14.00 A.
 Spin: HH21    ,HH22    ,        , constructed for donor A-PRO    10       ARG      NH2     .

 NBONDX:       301 atom and      0 group interactions within 14.00 A.
 Spin: HG1     ,        ,        , constructed for donor A-PRO    11       SER      OG      .

 NBONDX:       654 atom and      0 group interactions within 14.00 A.
 Spin: HD21    ,HD22    ,        , constructed for donor A-PRO    12       ASN      ND2     .

 NBONDX:       784 atom and      0 group interactions within 14.00 A.
 Spin: HD21    ,HD22    ,        , constructed for donor A-PRO    14       ASN      ND2     .

 NBONDX:       843 atom and      0 group interactions within 14.00 A.
 Spin: HG11    ,HG12    ,HG13    , constructed for donor A-PRO    15       VAL      CG1     .

 NBONDX:       867 atom and      0 group interactions within 14.00 A.
 Spin: HG21    ,HG22    ,HG23    , constructed for donor A-PRO    15       VAL      CG2     .

 NBONDX:       656 atom and      0 group interactions within 14.00 A.
 Spin: HH11    ,HH12    ,        , constructed for donor A-PRO    17       ARG      NH1     .

 NBONDX:       636 atom and      0 group interactions within 14.00 A.
 Spin: HH21    ,HH22    ,        , constructed for donor A-PRO    17       ARG      NH2     .

 NBONDX:       663 atom and      0 group interactions within 14.00 A.
 Spin: HD11    ,HD12    ,HD13    , constructed for donor A-PRO    18       LEU      CD1     .

 NBONDX:       651 atom and      0 group interactions within 14.00 A.
 Spin: HD21    ,HD22    ,HD23    , constructed for donor A-PRO    18       LEU      CD2     .

 NBONDX:       287 atom and      0 group interactions within 14.00 A.
 Spin: HG1     ,        ,        , constructed for donor A-PRO    21       THR      OG1     .

 NBONDX:       918 atom and      0 group interactions within 14.00 A.
 Spin: HG21    ,HG22    ,HG23    , constructed for donor A-PRO    21       THR      CG2     .

 NBONDX:       285 atom and      0 group interactions within 14.00 A.
 Spin: HG1     ,        ,        , constructed for donor A-PRO    22       SER      OG      .

 NBONDX:       930 atom and      0 group interactions within 14.00 A.
 Spin: HB1     ,HB2     ,HB3     , constructed for donor A-PRO    24       ALA      CB      .

 NBONDX:       903 atom and      0 group interactions within 14.00 A.
 Spin: HG21    ,HG22    ,HG23    , constructed for donor A-PRO    25       ILE      CG2     .

 NBONDX:       729 atom and      0 group interactions within 14.00 A.
 Spin: HD1     ,HD2     ,HD3     , constructed for donor A-PRO    25       ILE      CD      .

 NBONDX:      1386 atom and      0 group interactions within 14.00 A.
 Spin: HB1     ,HB2     ,HB3     , constructed for donor A-PRO    27       ALA      CB      .

 NBONDX:       310 atom and      0 group interactions within 14.00 A.
 Spin: HG1     ,        ,        , constructed for donor A-PRO    28       THR      OG1     .

 NBONDX:       873 atom and      0 group interactions within 14.00 A.
 Spin: HG21    ,HG22    ,HG23    , constructed for donor A-PRO    28       THR      CG2     .

 NBONDX:       349 atom and      0 group interactions within 14.00 A.
 Spin: HH      ,        ,        , constructed for donor A-PRO    29       TYR      OH      .

 NBONDX:       510 atom and      0 group interactions within 14.00 A.
 Spin: HG1     ,        ,        , constructed for donor A-PRO    30       THR      OG1     .

 NBONDX:      1452 atom and      0 group interactions within 14.00 A.
 Spin: HG21    ,HG22    ,HG23    , constructed for donor A-PRO    30       THR      CG2     .

 NBONDX:      1326 atom and      0 group interactions within 14.00 A.
 Spin: HG21    ,HG22    ,HG23    , constructed for donor A-PRO    33       ILE      CG2     .

 NBONDX:      1179 atom and      0 group interactions within 14.00 A.
 Spin: HD1     ,HD2     ,HD3     , constructed for donor A-PRO    33       ILE      CD      .

 NBONDX:      1155 atom and      0 group interactions within 14.00 A.
 Spin: HG21    ,HG22    ,HG23    , constructed for donor A-PRO    34       ILE      CG2     .

 NBONDX:      1266 atom and      0 group interactions within 14.00 A.
 Spin: HD1     ,HD2     ,HD3     , constructed for donor A-PRO    34       ILE      CD      .

 NBONDX:      1008 atom and      0 group interactions within 14.00 A.
 Spin: HG21    ,HG22    ,HG23    , constructed for donor A-PRO    35       ILE      CG2     .

 NBONDX:       945 atom and      0 group interactions within 14.00 A.
 Spin: HD1     ,HD2     ,HD3     , constructed for donor A-PRO    35       ILE      CD      .

 NBONDX:       576 atom and      0 group interactions within 14.00 A.
 Spin: HB1     ,HB2     ,HB3     , constructed for donor A-PRO    38       ALA      CB      .

 NBONDX:       190 atom and      0 group interactions within 14.00 A.
 Spin: HG1     ,        ,        , constructed for donor A-PRO    39       THR      OG1     .

 NBONDX:       639 atom and      0 group interactions within 14.00 A.
 Spin: HG21    ,HG22    ,HG23    , constructed for donor A-PRO    39       THR      CG2     .

 NBONDX:       360 atom and      0 group interactions within 14.00 A.
 Spin: HH      ,        ,        , constructed for donor A-PRO    44       TYR      OH      .

 NBONDX:       885 atom and      0 group interactions within 14.00 A.
 Spin: HB1     ,HB2     ,HB3     , constructed for donor A-PRO    45       ALA      CB      .

 NBONDX:       666 atom and      0 group interactions within 14.00 A.
 Spin: HD21    ,HD22    ,        , constructed for donor A-PRO    46       ASN      ND2     .
  
 CHARMM>     
  
 CHARMM>    ! calculate energy
 CHARMM>    energy

 NONBOND OPTION FLAGS: 
     ELEC     VDW      ATOMs    CDIElec  SHIFt    VATOm    VSWItch 
     BYGRoup  NOEXtnd  NOEWald 
 CUTNB  = 14.000 CTEXNB =999.000 CTONNB = 10.000 CTOFNB = 12.000
 WMIN   =  1.500 WRNMXD =  0.500 E14FAC =  1.000 EPS    =  1.000
 NBXMOD =      5
 There are        0 atom  pairs and        0 atom  exclusions.
 There are        0 group pairs and        0 group exclusions.
 <MAKINB> with mode   5 found   1820 exclusions and   1697 interactions(1-4)
 <MAKGRP> found    574 group exclusions.
 Generating nonbond list with Exclusion mode = 5
 == PRIMARY == SPACE FOR   183617 ATOM PAIRS AND        0 GROUP PAIRS

 General atom nonbond list generation found:
   120239 ATOM PAIRS WERE FOUND FOR ATOM LIST
     4128 GROUP PAIRS REQUIRED ATOM SEARCHES

ENER ENR:  Eval#     ENERgy      Delta-E         GRMS
ENER INTERN:          BONDs       ANGLes       UREY-b    DIHEdrals    IMPRopers
ENER CROSS:           CMAPs     
ENER EXTERN:        VDWaals         ELEC       HBONds          ASP         USER
 ----------       ---------    ---------    ---------    ---------    ---------
ENER>        0   -307.94616      0.00000     13.32552
ENER INTERN>       87.27841    116.08444     10.29705    209.47133      3.75047
ENER CROSS>       -63.53315
ENER EXTERN>      -84.51409   -586.78063      0.00000      0.00000      0.00000
 ----------       ---------    ---------    ---------    ---------    ---------
  
 CHARMM>     
  
 CHARMM>    ioform extended
 MISCOM> Expanded I/O format is used.
  
 CHARMM>     
  
 CHARMM>    write psf card name 1cbn-final.psf
 VOPEN> Attempting to open::1cbn-final.psf::
 RDTITL> * FINAL STRUCTURE
 RDTITL> *
 VCLOSE: Closing unit   90 with status "KEEP"
  
 CHARMM>     
  
 CHARMM>    write coor card name 1cbn-final.crd
 VOPEN> Attempting to open::1cbn-final.crd::
 RDTITL> * FINAL STRUCTURE
 RDTITL> *
 VCLOSE: Closing unit   90 with status "KEEP"
 VCLOSE: Closing unit   90 with status "KEEP"
  
 CHARMM>     
  
 CHARMM>     
  
 CHARMM>    stop
$$$$$$  New timer profile $$$$$
   List time                       0.01 Other:            0.00
         Electrostatic & VDW             0.01 Other:            0.00
      Nonbond force                   0.01 Other:            0.00
         Bond energy                     0.00 Other:            0.00
         Angle energy                    0.00 Other:            0.00
         Dihedral energy                 0.00 Other:            0.00
         Restraints energy               0.00 Other:            0.00
      INTRNL energy                   0.00 Other:            0.00
   Energy time                     0.02 Other:            0.00
 Total time                      4.29 Other:            4.26

                    NORMAL TERMINATION BY NORMAL STOP
                    MAXIMUM STACK SPACE USED IS   21030
                    STACK CURRENTLY IN USE IS         0
                    NO WARNINGS WERE ISSUED
                    HEAP PRINTOUT-  HEAP SIZE         10240000
                    SPACE CURRENTLY IN USE IS            13824
                    MAXIMUM SPACE USED IS               226664
                    FREE LIST
  PRINHP> ADDRESS:               1 LENGTH:        10225676 NEXT:        10239501
  PRINHP> ADDRESS:        10239501 LENGTH:             500 NEXT:               0

                    $$$$$ JOB ACCOUNTING INFORMATION $$$$$
                     ELAPSED TIME:     4.29  SECONDS 
                         CPU TIME:     0.41  SECONDS 
